[debug] [2025-11-06T13:20:41.128Z] ----------------------------------------------------------------------
[debug] [2025-11-06T13:20:41.131Z] Command:       C:\Program Files\nodejs\node.exe C:\Users\Pulindu\AppData\Roaming\npm\node_modules\firebase-tools\lib\bin\firebase.js emulators:start
[debug] [2025-11-06T13:20:41.132Z] CLI Version:   14.24.0
[debug] [2025-11-06T13:20:41.132Z] Platform:      win32
[debug] [2025-11-06T13:20:41.132Z] Node Version:  v22.19.0
[debug] [2025-11-06T13:20:41.132Z] Time:          Thu Nov 06 2025 18:50:41 GMT+0530 (India Standard Time)
[debug] [2025-11-06T13:20:41.132Z] ----------------------------------------------------------------------
[debug] 
[debug] [2025-11-06T13:20:41.395Z] > command requires scopes: ["email","openid","https://www.googleapis.com/auth/cloudplatformprojects.readonly","https://www.googleapis.com/auth/firebase","https://www.googleapis.com/auth/cloud-platform"]
[debug] Failed to authenticate, have you run firebase login?
[warn] !  emulators: You are not currently authenticated so some features may not work correctly. Please run firebase login to authenticate the CLI. 
[debug] [2025-11-06T13:20:45.499Z] java version "24.0.2" 2025-07-15

[debug] [2025-11-06T13:20:45.500Z] Java(TM) SE Runtime Environment (build 24.0.2+12-54)
Java HotSpot(TM) 64-Bit Server VM (build 24.0.2+12-54, mixed mode, sharing)

[debug] [2025-11-06T13:20:45.527Z] Parsed Java major version: 24
[info] i  emulators: Starting emulators: auth, firestore, database, storage {"metadata":{"emulator":{"name":"hub"},"message":"Starting emulators: auth, firestore, database, storage"}}
[debug] [2025-11-06T13:20:45.546Z] [logging] Logging Emulator only supports listening on one address (127.0.0.1). Not listening on ::1
[debug] [2025-11-06T13:20:45.546Z] [auth] Authentication Emulator only supports listening on one address (127.0.0.1). Not listening on ::1
[debug] [2025-11-06T13:20:45.546Z] [firestore] Firestore Emulator only supports listening on one address (127.0.0.1). Not listening on ::1
[debug] [2025-11-06T13:20:45.546Z] [firestore.websocket] websocket server for firestore only supports listening on one address (127.0.0.1). Not listening on ::1
[debug] [2025-11-06T13:20:45.547Z] [database] Database Emulator only supports listening on one address (127.0.0.1). Not listening on ::1
[debug] [2025-11-06T13:20:45.547Z] [storage] Storage Emulator only supports listening on one address (127.0.0.1). Not listening on ::1
[debug] [2025-11-06T13:20:45.547Z] assigned listening specs for emulators {"user":{"hub":[{"address":"127.0.0.1","family":"IPv4","port":4400},{"address":"::1","family":"IPv6","port":4400}],"ui":[{"address":"127.0.0.1","family":"IPv4","port":4000},{"address":"::1","family":"IPv6","port":4000}],"logging":[{"address":"127.0.0.1","family":"IPv4","port":4500}],"auth":[{"address":"127.0.0.1","family":"IPv4","port":9099}],"firestore":[{"address":"127.0.0.1","family":"IPv4","port":8080}],"firestore.websocket":[{"address":"127.0.0.1","family":"IPv4","port":9150}],"database":[{"address":"127.0.0.1","family":"IPv4","port":9000}],"storage":[{"address":"127.0.0.1","family":"IPv4","port":9199}]},"metadata":{"message":"assigned listening specs for emulators"}}
[debug] [2025-11-06T13:20:45.552Z] Emulator locator file path: C:\Users\Pulindu\AppData\Local\Temp\hub-your-project-id.json
[debug] [2025-11-06T13:20:45.552Z] [hub] writing locator at C:\Users\Pulindu\AppData\Local\Temp\hub-your-project-id.json
[info] i  firestore: downloading cloud-firestore-emulator-v1.19.8.jar... {"metadata":{"emulator":{"name":"firestore"},"message":"downloading cloud-firestore-emulator-v1.19.8.jar..."}}
[debug] [2025-11-06T13:20:45.568Z] >>> [apiv2][query] GET https://storage.googleapis.com/firebase-preview-drop/emulator/cloud-firestore-emulator-v1.19.8.jar 
[debug] [2025-11-06T13:20:45.983Z] <<< [apiv2][status] GET https://storage.googleapis.com/firebase-preview-drop/emulator/cloud-firestore-emulator-v1.19.8.jar 200
[debug] [2025-11-06T13:20:45.984Z] <<< [apiv2][body] GET https://storage.googleapis.com/firebase-preview-drop/emulator/cloud-firestore-emulator-v1.19.8.jar [stream]
[debug] [2025-11-06T13:20:56.124Z] Ignoring unsupported arg: auto_download {"metadata":{"emulator":{"name":"firestore"},"message":"Ignoring unsupported arg: auto_download"}}
[debug] [2025-11-06T13:20:56.124Z] Ignoring unsupported arg: single_project_mode_error {"metadata":{"emulator":{"name":"firestore"},"message":"Ignoring unsupported arg: single_project_mode_error"}}
[debug] [2025-11-06T13:20:56.124Z] Starting Firestore Emulator with command {"binary":"java","args":["-Dgoogle.cloud_firestore.debug_log_level=FINE","-Duser.language=en","-jar","C:\\Users\\Pulindu\\.cache\\firebase\\emulators\\cloud-firestore-emulator-v1.19.8.jar","--host","127.0.0.1","--port",8080,"--websocket_port",9150,"--project_id","your-project-id","--rules","D:\\Campus\\Final Project\\web\\safe-driver-web\\firestore.rules","--single_project_mode",true],"optionalArgs":["port","webchannel_port","host","rules","websocket_port","functions_emulator","seed_from_export","project_id","single_project_mode"],"joinArgs":false,"shell":false,"port":8080} {"metadata":{"emulator":{"name":"firestore"},"message":"Starting Firestore Emulator with command {\"binary\":\"java\",\"args\":[\"-Dgoogle.cloud_firestore.debug_log_level=FINE\",\"-Duser.language=en\",\"-jar\",\"C:\\\\Users\\\\Pulindu\\\\.cache\\\\firebase\\\\emulators\\\\cloud-firestore-emulator-v1.19.8.jar\",\"--host\",\"127.0.0.1\",\"--port\",8080,\"--websocket_port\",9150,\"--project_id\",\"your-project-id\",\"--rules\",\"D:\\\\Campus\\\\Final Project\\\\web\\\\safe-driver-web\\\\firestore.rules\",\"--single_project_mode\",true],\"optionalArgs\":[\"port\",\"webchannel_port\",\"host\",\"rules\",\"websocket_port\",\"functions_emulator\",\"seed_from_export\",\"project_id\",\"single_project_mode\"],\"joinArgs\":false,\"shell\":false,\"port\":8080}"}}
[info] i  firestore: Firestore Emulator logging to firestore-debug.log {"metadata":{"emulator":{"name":"firestore"},"message":"Firestore Emulator logging to \u001b[1mfirestore-debug.log\u001b[22m"}}
[info] +  firestore: Firestore Emulator UI websocket is running on 9150. {"metadata":{"emulator":{"name":"firestore"},"message":"Firestore Emulator UI websocket is running on 9150."}}
[debug] [2025-11-06T13:20:58.836Z] No OAuth tokens found
[debug] [2025-11-06T13:20:58.836Z] No OAuth tokens found
[debug] [2025-11-06T13:20:58.837Z] > command requires scopes: ["email","openid","https://www.googleapis.com/auth/cloudplatformprojects.readonly","https://www.googleapis.com/auth/firebase","https://www.googleapis.com/auth/cloud-platform"]
[debug] [2025-11-06T13:20:58.838Z] Failed to authenticate, have you run firebase login? (original: Could not load the default credentials. Browse to https://cloud.google.com/docs/authentication/getting-started for more information.)
[debug] [2025-11-06T13:20:58.838Z] Failed to retrieve default database instance: {"name":"FirebaseError","children":[],"exit":2,"message":"Failed to get Firebase project your-project-id. Please make sure the project exists and your account has permission to access it.","original":{"name":"FirebaseError","children":[],"exit":1,"message":"Failed to authenticate, have you run \u001b[1mfirebase login\u001b[22m?","original":{},"status":500},"status":500} {"metadata":{"emulator":{"name":"database"},"message":"Failed to retrieve default database instance: {\"name\":\"FirebaseError\",\"children\":[],\"exit\":2,\"message\":\"Failed to get Firebase project your-project-id. Please make sure the project exists and your account has permission to access it.\",\"original\":{\"name\":\"FirebaseError\",\"children\":[],\"exit\":1,\"message\":\"Failed to authenticate, have you run \\u001b[1mfirebase login\\u001b[22m?\",\"original\":{},\"status\":500},\"status\":500}"}}
[debug] [2025-11-06T13:20:58.840Z] database rules config:  [{"instance":"your-project-id-default-rtdb","rules":"D:\\Campus\\Final Project\\web\\safe-driver-web\\database.rules.json"}]
[info] i  database: downloading firebase-database-emulator-v4.11.2.jar... {"metadata":{"emulator":{"name":"database"},"message":"downloading firebase-database-emulator-v4.11.2.jar..."}}
[debug] [2025-11-06T13:20:58.860Z] >>> [apiv2][query] GET https://storage.googleapis.com/firebase-preview-drop/emulator/firebase-database-emulator-v4.11.2.jar 
[debug] [2025-11-06T13:20:59.169Z] <<< [apiv2][status] GET https://storage.googleapis.com/firebase-preview-drop/emulator/firebase-database-emulator-v4.11.2.jar 200
[debug] [2025-11-06T13:20:59.169Z] <<< [apiv2][body] GET https://storage.googleapis.com/firebase-preview-drop/emulator/firebase-database-emulator-v4.11.2.jar [stream]
[debug] [2025-11-06T13:21:06.052Z] Ignoring unsupported arg: projectId {"metadata":{"emulator":{"name":"database"},"message":"Ignoring unsupported arg: projectId"}}
[debug] [2025-11-06T13:21:06.053Z] Ignoring unsupported arg: auto_download {"metadata":{"emulator":{"name":"database"},"message":"Ignoring unsupported arg: auto_download"}}
[debug] [2025-11-06T13:21:06.053Z] Ignoring unsupported arg: rules {"metadata":{"emulator":{"name":"database"},"message":"Ignoring unsupported arg: rules"}}
[debug] [2025-11-06T13:21:06.053Z] Starting Database Emulator with command {"binary":"java","args":["-Duser.language=en","-jar","C:\\Users\\Pulindu\\.cache\\firebase\\emulators\\firebase-database-emulator-v4.11.2.jar","--host","127.0.0.1","--port",9000,"--single_project_mode","Warning"],"optionalArgs":["port","host","functions_emulator_port","functions_emulator_host","single_project_mode"],"joinArgs":false,"shell":false,"port":9000} {"metadata":{"emulator":{"name":"database"},"message":"Starting Database Emulator with command {\"binary\":\"java\",\"args\":[\"-Duser.language=en\",\"-jar\",\"C:\\\\Users\\\\Pulindu\\\\.cache\\\\firebase\\\\emulators\\\\firebase-database-emulator-v4.11.2.jar\",\"--host\",\"127.0.0.1\",\"--port\",9000,\"--single_project_mode\",\"Warning\"],\"optionalArgs\":[\"port\",\"host\",\"functions_emulator_port\",\"functions_emulator_host\",\"single_project_mode\"],\"joinArgs\":false,\"shell\":false,\"port\":9000}"}}
[info] i  database: Database Emulator logging to database-debug.log {"metadata":{"emulator":{"name":"database"},"message":"Database Emulator logging to \u001b[1mdatabase-debug.log\u001b[22m"}}
[info] i  storage: downloading cloud-storage-rules-runtime-v1.1.3.jar... {"metadata":{"emulator":{"name":"storage"},"message":"downloading cloud-storage-rules-runtime-v1.1.3.jar..."}}
[debug] [2025-11-06T13:21:16.057Z] >>> [apiv2][query] GET https://storage.googleapis.com/firebase-preview-drop/emulator/cloud-storage-rules-runtime-v1.1.3.jar 
[debug] [2025-11-06T13:21:16.534Z] <<< [apiv2][status] GET https://storage.googleapis.com/firebase-preview-drop/emulator/cloud-storage-rules-runtime-v1.1.3.jar 200
[debug] [2025-11-06T13:21:16.534Z] <<< [apiv2][body] GET https://storage.googleapis.com/firebase-preview-drop/emulator/cloud-storage-rules-runtime-v1.1.3.jar [stream]
[debug] [2025-11-06T13:21:25.483Z] Ignoring unsupported arg: port {"metadata":{"emulator":{"name":"storage"},"message":"Ignoring unsupported arg: port"}}
[warn] !  Unexpected rules runtime error: WARNING: A terminally deprecated method in sun.misc.Unsafe has been called
WARNING: sun.misc.Unsafe::arrayBaseOffset has been called by com.google.protobuf.UnsafeUtil$MemoryAccessor (file:/C:/Users/Pulindu/.cache/firebase/emulators/cloud-storage-rules-runtime-v1.1.3.jar)
WARNING: Please consider reporting this to the maintainers of class com.google.protobuf.UnsafeUtil$MemoryAccessor
WARNING: sun.misc.Unsafe::arrayBaseOffset will be removed in a future release
 {"metadata":{"emulator":{"name":"storage"},"message":"Unexpected rules runtime error: WARNING: A terminally deprecated method in sun.misc.Unsafe has been called\nWARNING: sun.misc.Unsafe::arrayBaseOffset has been called by com.google.protobuf.UnsafeUtil$MemoryAccessor (file:/C:/Users/Pulindu/.cache/firebase/emulators/cloud-storage-rules-runtime-v1.1.3.jar)\nWARNING: Please consider reporting this to the maintainers of class com.google.protobuf.UnsafeUtil$MemoryAccessor\nWARNING: sun.misc.Unsafe::arrayBaseOffset will be removed in a future release\r\n"}}
[debug] [2025-11-06T13:21:26.955Z] Temp file directory for storage emulator: C:\Users\Pulindu\AppData\Local\Temp/firebase/storage/blobs {"metadata":{"emulator":{"name":"storage"},"message":"Temp file directory for storage emulator: C:\\Users\\Pulindu\\AppData\\Local\\Temp/firebase/storage/blobs"}}
[info] i  ui: downloading ui-v1.15.0.zip... {"metadata":{"emulator":{"name":"ui"},"message":"downloading ui-v1.15.0.zip..."}}
[debug] [2025-11-06T13:21:26.972Z] >>> [apiv2][query] GET https://storage.googleapis.com/firebase-preview-drop/emulator/ui-v1.15.0.zip 
[debug] [2025-11-06T13:21:27.204Z] <<< [apiv2][status] GET https://storage.googleapis.com/firebase-preview-drop/emulator/ui-v1.15.0.zip 200
[debug] [2025-11-06T13:21:27.204Z] <<< [apiv2][body] GET https://storage.googleapis.com/firebase-preview-drop/emulator/ui-v1.15.0.zip [stream]
[debug] [2025-11-06T13:21:27.921Z] Data is 3538469
[debug] [2025-11-06T13:21:27.922Z] [unzip] Entry: client/ (compressed_size=0 bytes, uncompressed_size=0 bytes)
[debug] [2025-11-06T13:21:27.922Z] [unzip] Processing entry: client\
[debug] [2025-11-06T13:21:27.922Z] [unzip] mkdir: C:\Users\Pulindu\.cache\firebase\emulators\ui-v1.15.0\client\
[debug] [2025-11-06T13:21:27.923Z] [unzip] Entry: client/favicon-16x16.png (compressed_size=293 bytes, uncompressed_size=293 bytes)
[debug] [2025-11-06T13:21:27.923Z] [unzip] Processing entry: client\favicon-16x16.png
[debug] [2025-11-06T13:21:27.923Z] [unzip] else mkdir: C:\Users\Pulindu\.cache\firebase\emulators\ui-v1.15.0\client
[debug] [2025-11-06T13:21:27.924Z] [unzip] Writing file: C:\Users\Pulindu\.cache\firebase\emulators\ui-v1.15.0\client\favicon-16x16.png
[debug] [2025-11-06T13:21:27.925Z] [unzip] Entry: client/safari-pinned-tab.svg (compressed_size=1433 bytes, uncompressed_size=2611 bytes)
[debug] [2025-11-06T13:21:27.925Z] [unzip] Processing entry: client\safari-pinned-tab.svg
[debug] [2025-11-06T13:21:27.925Z] [unzip] else mkdir: C:\Users\Pulindu\.cache\firebase\emulators\ui-v1.15.0\client
[debug] [2025-11-06T13:21:27.925Z] [unzip] deflating: C:\Users\Pulindu\.cache\firebase\emulators\ui-v1.15.0\client\safari-pinned-tab.svg
[debug] [2025-11-06T13:21:27.933Z] [unzip] Entry: client/favicon.ico (compressed_size=2933 bytes, uncompressed_size=13294 bytes)
[debug] [2025-11-06T13:21:27.933Z] [unzip] Processing entry: client\favicon.ico
[debug] [2025-11-06T13:21:27.933Z] [unzip] else mkdir: C:\Users\Pulindu\.cache\firebase\emulators\ui-v1.15.0\client
[debug] [2025-11-06T13:21:27.933Z] [unzip] deflating: C:\Users\Pulindu\.cache\firebase\emulators\ui-v1.15.0\client\favicon.ico
[debug] [2025-11-06T13:21:27.935Z] [unzip] Entry: client/index.html (compressed_size=1364 bytes, uncompressed_size=3071 bytes)
[debug] [2025-11-06T13:21:27.935Z] [unzip] Processing entry: client\index.html
[debug] [2025-11-06T13:21:27.935Z] [unzip] else mkdir: C:\Users\Pulindu\.cache\firebase\emulators\ui-v1.15.0\client
[debug] [2025-11-06T13:21:27.935Z] [unzip] deflating: C:\Users\Pulindu\.cache\firebase\emulators\ui-v1.15.0\client\index.html
[debug] [2025-11-06T13:21:27.937Z] [unzip] Entry: client/android-chrome-192x192.png (compressed_size=2684 bytes, uncompressed_size=2684 bytes)
[debug] [2025-11-06T13:21:27.938Z] [unzip] Processing entry: client\android-chrome-192x192.png
[debug] [2025-11-06T13:21:27.938Z] [unzip] else mkdir: C:\Users\Pulindu\.cache\firebase\emulators\ui-v1.15.0\client
[debug] [2025-11-06T13:21:27.938Z] [unzip] Writing file: C:\Users\Pulindu\.cache\firebase\emulators\ui-v1.15.0\client\android-chrome-192x192.png
[debug] [2025-11-06T13:21:27.939Z] [unzip] Entry: client/apple-touch-icon.png (compressed_size=2123 bytes, uncompressed_size=2152 bytes)
[debug] [2025-11-06T13:21:27.939Z] [unzip] Processing entry: client\apple-touch-icon.png
[debug] [2025-11-06T13:21:27.939Z] [unzip] else mkdir: C:\Users\Pulindu\.cache\firebase\emulators\ui-v1.15.0\client
[debug] [2025-11-06T13:21:27.940Z] [unzip] deflating: C:\Users\Pulindu\.cache\firebase\emulators\ui-v1.15.0\client\apple-touch-icon.png
[debug] [2025-11-06T13:21:27.941Z] [unzip] Entry: client/android-chrome-512x512.png (compressed_size=5369 bytes, uncompressed_size=5411 bytes)
[debug] [2025-11-06T13:21:27.941Z] [unzip] Processing entry: client\android-chrome-512x512.png
[debug] [2025-11-06T13:21:27.941Z] [unzip] else mkdir: C:\Users\Pulindu\.cache\firebase\emulators\ui-v1.15.0\client
[debug] [2025-11-06T13:21:27.942Z] [unzip] deflating: C:\Users\Pulindu\.cache\firebase\emulators\ui-v1.15.0\client\android-chrome-512x512.png
[debug] [2025-11-06T13:21:27.945Z] [unzip] Entry: client/manifest.json (compressed_size=245 bytes, uncompressed_size=551 bytes)
[debug] [2025-11-06T13:21:27.945Z] [unzip] Processing entry: client\manifest.json
[debug] [2025-11-06T13:21:27.945Z] [unzip] else mkdir: C:\Users\Pulindu\.cache\firebase\emulators\ui-v1.15.0\client
[debug] [2025-11-06T13:21:27.946Z] [unzip] deflating: C:\Users\Pulindu\.cache\firebase\emulators\ui-v1.15.0\client\manifest.json
[debug] [2025-11-06T13:21:27.948Z] [unzip] Entry: client/robots.txt (compressed_size=26 bytes, uncompressed_size=26 bytes)
[debug] [2025-11-06T13:21:27.948Z] [unzip] Processing entry: client\robots.txt
[debug] [2025-11-06T13:21:27.948Z] [unzip] else mkdir: C:\Users\Pulindu\.cache\firebase\emulators\ui-v1.15.0\client
[debug] [2025-11-06T13:21:27.948Z] [unzip] Writing file: C:\Users\Pulindu\.cache\firebase\emulators\ui-v1.15.0\client\robots.txt
[debug] [2025-11-06T13:21:27.949Z] [unzip] Entry: client/mstile-150x150.png (compressed_size=2034 bytes, uncompressed_size=2034 bytes)
[debug] [2025-11-06T13:21:27.949Z] [unzip] Processing entry: client\mstile-150x150.png
[debug] [2025-11-06T13:21:27.949Z] [unzip] else mkdir: C:\Users\Pulindu\.cache\firebase\emulators\ui-v1.15.0\client
[debug] [2025-11-06T13:21:27.950Z] [unzip] Writing file: C:\Users\Pulindu\.cache\firebase\emulators\ui-v1.15.0\client\mstile-150x150.png
[debug] [2025-11-06T13:21:27.950Z] [unzip] Entry: client/assets/ (compressed_size=0 bytes, uncompressed_size=0 bytes)
[debug] [2025-11-06T13:21:27.951Z] [unzip] Processing entry: client\assets\
[debug] [2025-11-06T13:21:27.951Z] [unzip] mkdir: C:\Users\Pulindu\.cache\firebase\emulators\ui-v1.15.0\client\assets\
[debug] [2025-11-06T13:21:27.951Z] [unzip] Entry: client/assets/index-BX-A56oj.js (compressed_size=582089 bytes, uncompressed_size=2092775 bytes)
[debug] [2025-11-06T13:21:27.951Z] [unzip] Processing entry: client\assets\index-BX-A56oj.js
[debug] [2025-11-06T13:21:27.951Z] [unzip] else mkdir: C:\Users\Pulindu\.cache\firebase\emulators\ui-v1.15.0\client\assets
[debug] [2025-11-06T13:21:27.951Z] [unzip] deflating: C:\Users\Pulindu\.cache\firebase\emulators\ui-v1.15.0\client\assets\index-BX-A56oj.js
[debug] [2025-11-06T13:21:27.971Z] [unzip] Entry: client/assets/index-CjB9C900.css (compressed_size=35979 bytes, uncompressed_size=298654 bytes)
[debug] [2025-11-06T13:21:27.971Z] [unzip] Processing entry: client\assets\index-CjB9C900.css
[debug] [2025-11-06T13:21:27.971Z] [unzip] else mkdir: C:\Users\Pulindu\.cache\firebase\emulators\ui-v1.15.0\client\assets
[debug] [2025-11-06T13:21:27.972Z] [unzip] deflating: C:\Users\Pulindu\.cache\firebase\emulators\ui-v1.15.0\client\assets\index-CjB9C900.css
[debug] [2025-11-06T13:21:27.974Z] [unzip] Entry: client/assets/index-BX-A56oj.js.map (compressed_size=2362482 bytes, uncompressed_size=10036679 bytes)
[debug] [2025-11-06T13:21:27.974Z] [unzip] Processing entry: client\assets\index-BX-A56oj.js.map
[debug] [2025-11-06T13:21:27.974Z] [unzip] else mkdir: C:\Users\Pulindu\.cache\firebase\emulators\ui-v1.15.0\client\assets
[debug] [2025-11-06T13:21:27.974Z] [unzip] deflating: C:\Users\Pulindu\.cache\firebase\emulators\ui-v1.15.0\client\assets\index-BX-A56oj.js.map
[debug] [2025-11-06T13:21:28.027Z] [unzip] Entry: client/assets/extensions/ (compressed_size=0 bytes, uncompressed_size=0 bytes)
[debug] [2025-11-06T13:21:28.028Z] [unzip] Processing entry: client\assets\extensions\
[debug] [2025-11-06T13:21:28.028Z] [unzip] mkdir: C:\Users\Pulindu\.cache\firebase\emulators\ui-v1.15.0\client\assets\extensions\
[debug] [2025-11-06T13:21:28.028Z] [unzip] Entry: client/assets/extensions/default-extension.png (compressed_size=1646 bytes, uncompressed_size=1657 bytes)
[debug] [2025-11-06T13:21:28.028Z] [unzip] Processing entry: client\assets\extensions\default-extension.png
[debug] [2025-11-06T13:21:28.028Z] [unzip] else mkdir: C:\Users\Pulindu\.cache\firebase\emulators\ui-v1.15.0\client\assets\extensions
[debug] [2025-11-06T13:21:28.028Z] [unzip] deflating: C:\Users\Pulindu\.cache\firebase\emulators\ui-v1.15.0\client\assets\extensions\default-extension.png
[debug] [2025-11-06T13:21:28.029Z] [unzip] Entry: client/assets/img/ (compressed_size=0 bytes, uncompressed_size=0 bytes)
[debug] [2025-11-06T13:21:28.029Z] [unzip] Processing entry: client\assets\img\
[debug] [2025-11-06T13:21:28.030Z] [unzip] mkdir: C:\Users\Pulindu\.cache\firebase\emulators\ui-v1.15.0\client\assets\img\
[debug] [2025-11-06T13:21:28.030Z] [unzip] Entry: client/assets/img/database.png (compressed_size=29449 bytes, uncompressed_size=29988 bytes)
[debug] [2025-11-06T13:21:28.030Z] [unzip] Processing entry: client\assets\img\database.png
[debug] [2025-11-06T13:21:28.030Z] [unzip] else mkdir: C:\Users\Pulindu\.cache\firebase\emulators\ui-v1.15.0\client\assets\img
[debug] [2025-11-06T13:21:28.030Z] [unzip] deflating: C:\Users\Pulindu\.cache\firebase\emulators\ui-v1.15.0\client\assets\img\database.png
[debug] [2025-11-06T13:21:28.031Z] [unzip] Entry: client/assets/provider-icons/ (compressed_size=0 bytes, uncompressed_size=0 bytes)
[debug] [2025-11-06T13:21:28.032Z] [unzip] Processing entry: client\assets\provider-icons\
[debug] [2025-11-06T13:21:28.032Z] [unzip] mkdir: C:\Users\Pulindu\.cache\firebase\emulators\ui-v1.15.0\client\assets\provider-icons\
[debug] [2025-11-06T13:21:28.032Z] [unzip] Entry: client/assets/provider-icons/auth_service_saml.svg (compressed_size=575 bytes, uncompressed_size=1226 bytes)
[debug] [2025-11-06T13:21:28.032Z] [unzip] Processing entry: client\assets\provider-icons\auth_service_saml.svg
[debug] [2025-11-06T13:21:28.032Z] [unzip] else mkdir: C:\Users\Pulindu\.cache\firebase\emulators\ui-v1.15.0\client\assets\provider-icons
[debug] [2025-11-06T13:21:28.032Z] [unzip] deflating: C:\Users\Pulindu\.cache\firebase\emulators\ui-v1.15.0\client\assets\provider-icons\auth_service_saml.svg
[debug] [2025-11-06T13:21:28.033Z] [unzip] Entry: client/assets/provider-icons/auth_service_phone.svg (compressed_size=261 bytes, uncompressed_size=414 bytes)
[debug] [2025-11-06T13:21:28.033Z] [unzip] Processing entry: client\assets\provider-icons\auth_service_phone.svg
[debug] [2025-11-06T13:21:28.033Z] [unzip] else mkdir: C:\Users\Pulindu\.cache\firebase\emulators\ui-v1.15.0\client\assets\provider-icons
[debug] [2025-11-06T13:21:28.034Z] [unzip] deflating: C:\Users\Pulindu\.cache\firebase\emulators\ui-v1.15.0\client\assets\provider-icons\auth_service_phone.svg
[debug] [2025-11-06T13:21:28.035Z] [unzip] Entry: client/assets/provider-icons/auth_service_facebook.svg (compressed_size=289 bytes, uncompressed_size=457 bytes)
[debug] [2025-11-06T13:21:28.035Z] [unzip] Processing entry: client\assets\provider-icons\auth_service_facebook.svg
[debug] [2025-11-06T13:21:28.035Z] [unzip] else mkdir: C:\Users\Pulindu\.cache\firebase\emulators\ui-v1.15.0\client\assets\provider-icons
[debug] [2025-11-06T13:21:28.036Z] [unzip] deflating: C:\Users\Pulindu\.cache\firebase\emulators\ui-v1.15.0\client\assets\provider-icons\auth_service_facebook.svg
[debug] [2025-11-06T13:21:28.037Z] [unzip] Entry: client/assets/provider-icons/auth_service_game_center.svg (compressed_size=991 bytes, uncompressed_size=3921 bytes)
[debug] [2025-11-06T13:21:28.037Z] [unzip] Processing entry: client\assets\provider-icons\auth_service_game_center.svg
[debug] [2025-11-06T13:21:28.037Z] [unzip] else mkdir: C:\Users\Pulindu\.cache\firebase\emulators\ui-v1.15.0\client\assets\provider-icons
[debug] [2025-11-06T13:21:28.038Z] [unzip] deflating: C:\Users\Pulindu\.cache\firebase\emulators\ui-v1.15.0\client\assets\provider-icons\auth_service_game_center.svg
[debug] [2025-11-06T13:21:28.039Z] [unzip] Entry: client/assets/provider-icons/auth_service_apple.svg (compressed_size=230 bytes, uncompressed_size=334 bytes)
[debug] [2025-11-06T13:21:28.039Z] [unzip] Processing entry: client\assets\provider-icons\auth_service_apple.svg
[debug] [2025-11-06T13:21:28.039Z] [unzip] else mkdir: C:\Users\Pulindu\.cache\firebase\emulators\ui-v1.15.0\client\assets\provider-icons
[debug] [2025-11-06T13:21:28.039Z] [unzip] deflating: C:\Users\Pulindu\.cache\firebase\emulators\ui-v1.15.0\client\assets\provider-icons\auth_service_apple.svg
[debug] [2025-11-06T13:21:28.040Z] [unzip] Entry: client/assets/provider-icons/auth_service_github.svg (compressed_size=466 bytes, uncompressed_size=838 bytes)
[debug] [2025-11-06T13:21:28.040Z] [unzip] Processing entry: client\assets\provider-icons\auth_service_github.svg
[debug] [2025-11-06T13:21:28.040Z] [unzip] else mkdir: C:\Users\Pulindu\.cache\firebase\emulators\ui-v1.15.0\client\assets\provider-icons
[debug] [2025-11-06T13:21:28.040Z] [unzip] deflating: C:\Users\Pulindu\.cache\firebase\emulators\ui-v1.15.0\client\assets\provider-icons\auth_service_github.svg
[debug] [2025-11-06T13:21:28.041Z] [unzip] Entry: client/assets/provider-icons/auth_service_mslive.svg (compressed_size=203 bytes, uncompressed_size=378 bytes)
[debug] [2025-11-06T13:21:28.042Z] [unzip] Processing entry: client\assets\provider-icons\auth_service_mslive.svg
[debug] [2025-11-06T13:21:28.042Z] [unzip] else mkdir: C:\Users\Pulindu\.cache\firebase\emulators\ui-v1.15.0\client\assets\provider-icons
[debug] [2025-11-06T13:21:28.042Z] [unzip] deflating: C:\Users\Pulindu\.cache\firebase\emulators\ui-v1.15.0\client\assets\provider-icons\auth_service_mslive.svg
[debug] [2025-11-06T13:21:28.043Z] [unzip] Entry: client/assets/provider-icons/auth_service_yahoo.svg (compressed_size=577 bytes, uncompressed_size=1182 bytes)
[debug] [2025-11-06T13:21:28.043Z] [unzip] Processing entry: client\assets\provider-icons\auth_service_yahoo.svg
[debug] [2025-11-06T13:21:28.043Z] [unzip] else mkdir: C:\Users\Pulindu\.cache\firebase\emulators\ui-v1.15.0\client\assets\provider-icons
[debug] [2025-11-06T13:21:28.043Z] [unzip] deflating: C:\Users\Pulindu\.cache\firebase\emulators\ui-v1.15.0\client\assets\provider-icons\auth_service_yahoo.svg
[debug] [2025-11-06T13:21:28.044Z] [unzip] Entry: client/assets/provider-icons/auth_service_twitter.svg (compressed_size=444 bytes, uncompressed_size=751 bytes)
[debug] [2025-11-06T13:21:28.044Z] [unzip] Processing entry: client\assets\provider-icons\auth_service_twitter.svg
[debug] [2025-11-06T13:21:28.044Z] [unzip] else mkdir: C:\Users\Pulindu\.cache\firebase\emulators\ui-v1.15.0\client\assets\provider-icons
[debug] [2025-11-06T13:21:28.044Z] [unzip] deflating: C:\Users\Pulindu\.cache\firebase\emulators\ui-v1.15.0\client\assets\provider-icons\auth_service_twitter.svg
[debug] [2025-11-06T13:21:28.045Z] [unzip] Entry: client/assets/provider-icons/auth_service_play_games.svg (compressed_size=565 bytes, uncompressed_size=1173 bytes)
[debug] [2025-11-06T13:21:28.045Z] [unzip] Processing entry: client\assets\provider-icons\auth_service_play_games.svg
[debug] [2025-11-06T13:21:28.046Z] [unzip] else mkdir: C:\Users\Pulindu\.cache\firebase\emulators\ui-v1.15.0\client\assets\provider-icons
[debug] [2025-11-06T13:21:28.046Z] [unzip] deflating: C:\Users\Pulindu\.cache\firebase\emulators\ui-v1.15.0\client\assets\provider-icons\auth_service_play_games.svg
[debug] [2025-11-06T13:21:28.047Z] [unzip] Entry: client/assets/provider-icons/auth_service_email.svg (compressed_size=228 bytes, uncompressed_size=326 bytes)
[debug] [2025-11-06T13:21:28.047Z] [unzip] Processing entry: client\assets\provider-icons\auth_service_email.svg
[debug] [2025-11-06T13:21:28.047Z] [unzip] else mkdir: C:\Users\Pulindu\.cache\firebase\emulators\ui-v1.15.0\client\assets\provider-icons
[debug] [2025-11-06T13:21:28.047Z] [unzip] deflating: C:\Users\Pulindu\.cache\firebase\emulators\ui-v1.15.0\client\assets\provider-icons\auth_service_email.svg
[debug] [2025-11-06T13:21:28.048Z] [unzip] Entry: client/assets/provider-icons/auth_service_google.svg (compressed_size=409 bytes, uncompressed_size=720 bytes)
[debug] [2025-11-06T13:21:28.048Z] [unzip] Processing entry: client\assets\provider-icons\auth_service_google.svg
[debug] [2025-11-06T13:21:28.049Z] [unzip] else mkdir: C:\Users\Pulindu\.cache\firebase\emulators\ui-v1.15.0\client\assets\provider-icons
[debug] [2025-11-06T13:21:28.049Z] [unzip] deflating: C:\Users\Pulindu\.cache\firebase\emulators\ui-v1.15.0\client\assets\provider-icons\auth_service_google.svg
[debug] [2025-11-06T13:21:28.050Z] [unzip] Entry: client/assets/provider-icons/auth_service_oidc.svg (compressed_size=414 bytes, uncompressed_size=858 bytes)
[debug] [2025-11-06T13:21:28.050Z] [unzip] Processing entry: client\assets\provider-icons\auth_service_oidc.svg
[debug] [2025-11-06T13:21:28.050Z] [unzip] else mkdir: C:\Users\Pulindu\.cache\firebase\emulators\ui-v1.15.0\client\assets\provider-icons
[debug] [2025-11-06T13:21:28.050Z] [unzip] deflating: C:\Users\Pulindu\.cache\firebase\emulators\ui-v1.15.0\client\assets\provider-icons\auth_service_oidc.svg
[debug] [2025-11-06T13:21:28.051Z] [unzip] Entry: client/browserconfig.xml (compressed_size=491 bytes, uncompressed_size=822 bytes)
[debug] [2025-11-06T13:21:28.051Z] [unzip] Processing entry: client\browserconfig.xml
[debug] [2025-11-06T13:21:28.051Z] [unzip] else mkdir: C:\Users\Pulindu\.cache\firebase\emulators\ui-v1.15.0\client
[debug] [2025-11-06T13:21:28.052Z] [unzip] deflating: C:\Users\Pulindu\.cache\firebase\emulators\ui-v1.15.0\client\browserconfig.xml
[debug] [2025-11-06T13:21:28.053Z] [unzip] Entry: client/favicon-32x32.png (compressed_size=475 bytes, uncompressed_size=475 bytes)
[debug] [2025-11-06T13:21:28.053Z] [unzip] Processing entry: client\favicon-32x32.png
[debug] [2025-11-06T13:21:28.053Z] [unzip] else mkdir: C:\Users\Pulindu\.cache\firebase\emulators\ui-v1.15.0\client
[debug] [2025-11-06T13:21:28.053Z] [unzip] Writing file: C:\Users\Pulindu\.cache\firebase\emulators\ui-v1.15.0\client\favicon-32x32.png
[debug] [2025-11-06T13:21:28.054Z] [unzip] Entry: server/ (compressed_size=0 bytes, uncompressed_size=0 bytes)
[debug] [2025-11-06T13:21:28.054Z] [unzip] Processing entry: server\
[debug] [2025-11-06T13:21:28.054Z] [unzip] mkdir: C:\Users\Pulindu\.cache\firebase\emulators\ui-v1.15.0\server\
[debug] [2025-11-06T13:21:28.055Z] [unzip] Entry: server/server.mjs.map (compressed_size=217845 bytes, uncompressed_size=944978 bytes)
[debug] [2025-11-06T13:21:28.055Z] [unzip] Processing entry: server\server.mjs.map
[debug] [2025-11-06T13:21:28.055Z] [unzip] else mkdir: C:\Users\Pulindu\.cache\firebase\emulators\ui-v1.15.0\server
[debug] [2025-11-06T13:21:28.055Z] [unzip] deflating: C:\Users\Pulindu\.cache\firebase\emulators\ui-v1.15.0\server\server.mjs.map
[debug] [2025-11-06T13:21:28.061Z] [unzip] Entry: server/server.mjs (compressed_size=276407 bytes, uncompressed_size=933701 bytes)
[debug] [2025-11-06T13:21:28.062Z] [unzip] Processing entry: server\server.mjs
[debug] [2025-11-06T13:21:28.062Z] [unzip] else mkdir: C:\Users\Pulindu\.cache\firebase\emulators\ui-v1.15.0\server
[debug] [2025-11-06T13:21:28.062Z] [unzip] deflating: C:\Users\Pulindu\.cache\firebase\emulators\ui-v1.15.0\server\server.mjs
[debug] [2025-11-06T13:21:28.074Z] >>> [apiv2][query] PUT http://127.0.0.1:9000/.settings/rules.json ns=your-project-id-default-rtdb
[debug] [2025-11-06T13:21:28.074Z] >>> [apiv2][body] PUT http://127.0.0.1:9000/.settings/rules.json "{\r\n  \"rules\": {\r\n    \".read\": \"now < 1735689600000\",\r\n    \".write\": \"now < 1735689600000\"\r\n  }\r\n}\r\n\r\n"
[debug] [2025-11-06T13:21:28.806Z] <<< [apiv2][status] PUT http://127.0.0.1:9000/.settings/rules.json 200
[debug] [2025-11-06T13:21:28.806Z] <<< [apiv2][body] PUT http://127.0.0.1:9000/.settings/rules.json {"status":"ok"}
[debug] [2025-11-06T13:21:28.812Z] Could not find VSCode notification endpoint: FetchError: request to http://localhost:40001/vscode/notify failed, reason: . If you are not running the Firebase Data Connect VSCode extension, this is expected and not an issue.
[info] 
┌─────────────────────────────────────────────────────────────┐
│ ✔  All emulators ready! It is now safe to connect your app. │
│ i  View Emulator UI at http://127.0.0.1:4000/               │
└─────────────────────────────────────────────────────────────┘

┌────────────────┬────────────────┬─────────────────────────────────┐
│ Emulator       │ Host:Port      │ View in Emulator UI             │
├────────────────┼────────────────┼─────────────────────────────────┤
│ Authentication │ 127.0.0.1:9099 │ http://127.0.0.1:4000/auth      │
├────────────────┼────────────────┼─────────────────────────────────┤
│ Firestore      │ 127.0.0.1:8080 │ http://127.0.0.1:4000/firestore │
├────────────────┼────────────────┼─────────────────────────────────┤
│ Database       │ 127.0.0.1:9000 │ http://127.0.0.1:4000/database  │
├────────────────┼────────────────┼─────────────────────────────────┤
│ Storage        │ 127.0.0.1:9199 │ http://127.0.0.1:4000/storage   │
└────────────────┴────────────────┴─────────────────────────────────┘
  Emulator Hub host: 127.0.0.1 port: 4400
  Other reserved ports: 4500, 9150

Issues? Report them at https://github.com/firebase/firebase-tools/issues and attach the *-debug.log files.
 
[debug] [2025-11-06T13:22:22.473Z] No OAuth tokens found
[debug] [2025-11-06T13:22:22.474Z] No OAuth tokens found
[debug] [2025-11-06T13:22:22.474Z] > command requires scopes: ["email","openid","https://www.googleapis.com/auth/cloudplatformprojects.readonly","https://www.googleapis.com/auth/firebase","https://www.googleapis.com/auth/cloud-platform"]
[debug] [2025-11-06T13:22:22.476Z] Failed to get Admin SDK config for your-project-id, falling back to cache Failed to get Admin SDK for Firebase project your-project-id. Please make sure the project exists and your account has permission to access it. {"name":"FirebaseError","children":[],"exit":2,"message":"Failed to get Admin SDK for Firebase project your-project-id. Please make sure the project exists and your account has permission to access it.","original":{"name":"FirebaseError","children":[],"exit":1,"message":"Failed to authenticate, have you run \u001b[1mfirebase login\u001b[22m?","original":{},"status":500},"status":500}
